<?xml version="1.0" encoding="UTF-8"?>
<!-- Generated by org.testng.reporters.JUnitXMLReporter -->
<testsuite hostname="lenovo-PC" ignored="0" name="Default test" tests="3" failures="0" timestamp="20 Feb 2020 09:32:23 GMT" time="43.732" errors="0">
  <testcase name="verifyHomePageTitleTest" time="0.015" classname="com.crm.qa.testcases.HomePageTest"/>
  <testcase name="verifyCorrectUserLoggedIn" time="3.297" classname="com.crm.qa.testcases.HomePageTest"/>
  <testcase name="verifyContactsPageisClicked" time="2.374" classname="com.crm.qa.testcases.HomePageTest"/>
</testsuite> <!-- Default test -->
