<?xml version="1.0" encoding="UTF-8"?>
<!-- Generated by org.testng.reporters.JUnitXMLReporter -->
<testsuite hostname="lenovo-PC" ignored="0" name="Command line test" tests="5" failures="0" timestamp="20 Feb 2020 13:03:33 GMT" time="124.923" errors="0">
  <testcase name="verifyHomePageTitleTest" time="0.011" classname="com.crm.qa.testcases.HomePageTest"/>
  <testcase name="ValidateLoginPageTitle" time="0.014" classname="com.crm.qa.testcases.LoginPageTest"/>
  <testcase name="verifyCorrectUserLoggedIn" time="1.671" classname="com.crm.qa.testcases.HomePageTest"/>
  <testcase name="LoginFunctionalityTest" time="0.424" classname="com.crm.qa.testcases.LoginPageTest"/>
  <testcase name="verifyContactsPageisClicked" time="2.118" classname="com.crm.qa.testcases.HomePageTest"/>
</testsuite> <!-- Command line test -->
