<?xml version="1.0" encoding="UTF-8"?>
<!-- Generated by org.testng.reporters.JUnitXMLReporter -->
<testsuite hostname="lenovo-PC" ignored="0" name="Command line test" tests="9" failures="0" timestamp="21 Feb 2020 11:59:12 GMT" time="227.855" errors="0">
  <testcase name="verifyContactsPage" time="0.102" classname="com.crm.qa.testcases.ContactsPageTest"/>
  <testcase name="verifyHomePageTitleTest" time="0.015" classname="com.crm.qa.testcases.HomePageTest"/>
  <testcase name="ValidateLoginPageTitle" time="0.01" classname="com.crm.qa.testcases.LoginPageTest"/>
  <testcase name="verifyContactareadded" time="3.333" classname="com.crm.qa.testcases.ContactsPageTest"/>
  <testcase name="verifyContactareadded" time="3.271" classname="com.crm.qa.testcases.ContactsPageTest"/>
  <testcase name="verifyContactareadded" time="3.067" classname="com.crm.qa.testcases.ContactsPageTest"/>
  <testcase name="verifyCorrectUserLoggedIn" time="1.509" classname="com.crm.qa.testcases.HomePageTest"/>
  <testcase name="LoginFunctionalityTest" time="0.47" classname="com.crm.qa.testcases.LoginPageTest"/>
  <testcase name="verifyContactsPageisClicked" time="1.922" classname="com.crm.qa.testcases.HomePageTest"/>
</testsuite> <!-- Command line test -->
