<?xml version="1.0" encoding="UTF-8"?>
<!-- Generated by org.testng.reporters.JUnitXMLReporter -->
<testsuite hostname="lenovo-PC" ignored="0" name="FREE CRM TEST" tests="9" failures="0" timestamp="23 Feb 2020 04:45:10 GMT" time="136.81" errors="0">
  <testcase name="ValidateLoginPageTitle" time="0.03" classname="com.crm.qa.testcases.LoginPageTest"/>
  <testcase name="verifyHomePageTitleTest" time="0.011" classname="com.crm.qa.testcases.HomePageTest"/>
  <testcase name="verifyContactsPage" time="0.677" classname="com.crm.qa.testcases.ContactsPageTest"/>
  <testcase name="LoginFunctionalityTest" time="0.493" classname="com.crm.qa.testcases.LoginPageTest"/>
  <testcase name="verifyCorrectUserLoggedIn" time="1.232" classname="com.crm.qa.testcases.HomePageTest"/>
  <testcase name="verifyContactareadded" time="4.296" classname="com.crm.qa.testcases.ContactsPageTest"/>
  <testcase name="verifyContactareadded" time="3.965" classname="com.crm.qa.testcases.ContactsPageTest"/>
  <testcase name="verifyContactareadded" time="3.063" classname="com.crm.qa.testcases.ContactsPageTest"/>
  <testcase name="verifyContactsPageisClicked" time="2.034" classname="com.crm.qa.testcases.HomePageTest"/>
</testsuite> <!-- FREE CRM TEST -->
