<?xml version="1.0" encoding="UTF-8"?>
<!-- Generated by org.testng.reporters.JUnitXMLReporter -->
<testsuite hostname="lenovo-PC" ignored="0" name="FREE CRM TEST" tests="9" failures="0" timestamp="23 Feb 2020 07:02:42 GMT" time="131.03" errors="0">
  <testcase name="ValidateLoginPageTitle" time="0.037" classname="com.crm.qa.testcases.LoginPageTest"/>
  <testcase name="verifyHomePageTitleTest" time="0.01" classname="com.crm.qa.testcases.HomePageTest"/>
  <testcase name="verifyContactsPage" time="0.121" classname="com.crm.qa.testcases.ContactsPageTest"/>
  <testcase name="LoginFunctionalityTest" time="0.605" classname="com.crm.qa.testcases.LoginPageTest"/>
  <testcase name="verifyCorrectUserLoggedIn" time="1.742" classname="com.crm.qa.testcases.HomePageTest"/>
  <testcase name="verifyContactareadded" time="8.659" classname="com.crm.qa.testcases.ContactsPageTest"/>
  <testcase name="verifyContactareadded" time="8.181" classname="com.crm.qa.testcases.ContactsPageTest"/>
  <testcase name="verifyContactareadded" time="9.211" classname="com.crm.qa.testcases.ContactsPageTest"/>
  <testcase name="verifyContactsPageisClicked" time="3.502" classname="com.crm.qa.testcases.HomePageTest"/>
</testsuite> <!-- FREE CRM TEST -->
