<?xml version="1.0" encoding="UTF-8" ?>
<testsuite tests="5" failures="0" name="TestSuite" time="4.243" errors="0" skipped="0">
  <properties>
[...]
</properties>
  <testcase classname="com.crm.qa.testcases.HomePageTest" name="verifyHomePageTitleTest" time="0.016"/>
  <testcase classname="com.crm.qa.testcases.LoginPageTest" name="ValidateLoginPageTitle" time="0.012"/>
  <testcase classname="com.crm.qa.testcases.HomePageTest" name="verifyCorrectUserLoggedIn" time="1.671"/>
  <testcase classname="com.crm.qa.testcases.LoginPageTest" name="LoginFunctionalityTest" time="0.424"/>
  <testcase classname="com.crm.qa.testcases.HomePageTest" name="verifyContactsPageisClicked" time="2.12"/>
</testsuite>