<?xml version="1.0" encoding="UTF-8"?>
<testsuite xmlns:xsi="http://www.w3.org/2001/XMLSchema-instance" xsi:noNamespaceSchemaLocation="https://maven.apache.org/surefire/maven-surefire-plugin/xsd/surefire-test-report-3.0.xsd" version="3.0" name="TestSuite" time="188.132" tests="9" errors="0" skipped="0" failures="3">
  <properties>
[...]
</properties>
  <testcase name="ValidateLoginPageTitle" classname="com.crm.qa.testcases.LoginPageTest" time="0.009">
    <system-err><![CDATA[Starting ChromeDriver 86.0.4240.22 (398b0743353ff36fb1b82468f63a3a93b4e2e89e-refs/branch-heads/4240@{#378}) on port 24034
Only local connections are allowed.
Please see https://chromedriver.chromium.org/security-considerations for suggestions on keeping ChromeDriver safe.
ChromeDriver was started successfully.
Oct 24, 2020 3:03:55 PM org.openqa.selenium.remote.ProtocolHandshake createSession
INFO: Detected dialect: W3C
]]></system-err>
  </testcase>
  <testcase name="LoginFunctionalityTest" classname="com.crm.qa.testcases.LoginPageTest" time="0.597">
    <system-err><![CDATA[Starting ChromeDriver 86.0.4240.22 (398b0743353ff36fb1b82468f63a3a93b4e2e89e-refs/branch-heads/4240@{#378}) on port 24363
Only local connections are allowed.
Please see https://chromedriver.chromium.org/security-considerations for suggestions on keeping ChromeDriver safe.
ChromeDriver was started successfully.
Oct 24, 2020 3:04:42 PM org.openqa.selenium.remote.ProtocolHandshake createSession
INFO: Detected dialect: W3C
]]></system-err>
  </testcase>
  <testcase name="verifyHomePageTitleTest" classname="com.crm.qa.testcases.HomePageTest" time="0.013">
    <system-err><![CDATA[Starting ChromeDriver 86.0.4240.22 (398b0743353ff36fb1b82468f63a3a93b4e2e89e-refs/branch-heads/4240@{#378}) on port 24181
Only local connections are allowed.
Please see https://chromedriver.chromium.org/security-considerations for suggestions on keeping ChromeDriver safe.
ChromeDriver was started successfully.
Oct 24, 2020 3:04:09 PM org.openqa.selenium.remote.ProtocolHandshake createSession
INFO: Detected dialect: W3C
]]></system-err>
  </testcase>
  <testcase name="verifyCorrectUserLoggedIn" classname="com.crm.qa.testcases.HomePageTest" time="2.111">
    <system-err><![CDATA[Starting ChromeDriver 86.0.4240.22 (398b0743353ff36fb1b82468f63a3a93b4e2e89e-refs/branch-heads/4240@{#378}) on port 25481
Only local connections are allowed.
Please see https://chromedriver.chromium.org/security-considerations for suggestions on keeping ChromeDriver safe.
ChromeDriver was started successfully.
Oct 24, 2020 3:05:04 PM org.openqa.selenium.remote.ProtocolHandshake createSession
INFO: Detected dialect: W3C
]]></system-err>
  </testcase>
  <testcase name="verifyContactsPageisClicked" classname="com.crm.qa.testcases.HomePageTest" time="1.81">
    <system-err><![CDATA[Starting ChromeDriver 86.0.4240.22 (398b0743353ff36fb1b82468f63a3a93b4e2e89e-refs/branch-heads/4240@{#378}) on port 29936
Only local connections are allowed.
Please see https://chromedriver.chromium.org/security-considerations for suggestions on keeping ChromeDriver safe.
ChromeDriver was started successfully.
Oct 24, 2020 3:06:43 PM org.openqa.selenium.remote.ProtocolHandshake createSession
INFO: Detected dialect: W3C
]]></system-err>
  </testcase>
  <testcase name="verifyContactsPage" classname="com.crm.qa.testcases.ContactsPageTest" time="0.216">
    <system-err><![CDATA[Starting ChromeDriver 86.0.4240.22 (398b0743353ff36fb1b82468f63a3a93b4e2e89e-refs/branch-heads/4240@{#378}) on port 21887
Only local connections are allowed.
Please see https://chromedriver.chromium.org/security-considerations for suggestions on keeping ChromeDriver safe.
ChromeDriver was started successfully.
Oct 24, 2020 3:04:22 PM org.openqa.selenium.remote.ProtocolHandshake createSession
INFO: Detected dialect: W3C
log4j:WARN No appenders could be found for logger (java.lang.Class).
log4j:WARN Please initialize the log4j system properly.
]]></system-err>
  </testcase>
  <testcase name="verifyContactareadded[Nagaraju, Madupu, nagarajumadupu@gmail.com](1)" classname="com.crm.qa.testcases.ContactsPageTest" time="12.963">
    <failure message="The following asserts failed:&#10;	expected [Nagaraju Madupu] but found [Nagaraju]" type="java.lang.AssertionError"><![CDATA[java.lang.AssertionError: 
The following asserts failed:
	expected [Nagaraju Madupu] but found [Nagaraju]
	at com.crm.qa.testcases.ContactsPageTest.verifyContactareadded(ContactsPageTest.java:55)
]]></failure>
    <system-err><![CDATA[Starting ChromeDriver 86.0.4240.22 (398b0743353ff36fb1b82468f63a3a93b4e2e89e-refs/branch-heads/4240@{#378}) on port 26724
Only local connections are allowed.
Please see https://chromedriver.chromium.org/security-considerations for suggestions on keeping ChromeDriver safe.
ChromeDriver was started successfully.
Oct 24, 2020 3:05:19 PM org.openqa.selenium.remote.ProtocolHandshake createSession
INFO: Detected dialect: W3C
]]></system-err>
  </testcase>
  <testcase name="verifyContactareadded[Laddu, Nani, laddunani9@gmail.com](2)" classname="com.crm.qa.testcases.ContactsPageTest" time="14.113">
    <failure message="The following asserts failed:&#10;	expected [Nagaraju Madupu] but found [Nagaraju],&#10;	expected [Laddu Nani] but found [Laddu]" type="java.lang.AssertionError"><![CDATA[java.lang.AssertionError: 
The following asserts failed:
	expected [Nagaraju Madupu] but found [Nagaraju],
	expected [Laddu Nani] but found [Laddu]
	at com.crm.qa.testcases.ContactsPageTest.verifyContactareadded(ContactsPageTest.java:55)
]]></failure>
    <system-err><![CDATA[Starting ChromeDriver 86.0.4240.22 (398b0743353ff36fb1b82468f63a3a93b4e2e89e-refs/branch-heads/4240@{#378}) on port 6971
Only local connections are allowed.
Please see https://chromedriver.chromium.org/security-considerations for suggestions on keeping ChromeDriver safe.
ChromeDriver was started successfully.
Oct 24, 2020 3:05:47 PM org.openqa.selenium.remote.ProtocolHandshake createSession
INFO: Detected dialect: W3C
]]></system-err>
  </testcase>
  <testcase name="verifyContactareadded[Haripriya, Eadi, hari@gmail.com](3)" classname="com.crm.qa.testcases.ContactsPageTest" time="13.707">
    <failure message="The following asserts failed:&#10;	expected [Nagaraju Madupu] but found [Nagaraju],&#10;	expected [Laddu Nani] but found [Laddu],&#10;	expected [Haripriya Eadi] but found [Haripriya]" type="java.lang.AssertionError"><![CDATA[java.lang.AssertionError: 
The following asserts failed:
	expected [Nagaraju Madupu] but found [Nagaraju],
	expected [Laddu Nani] but found [Laddu],
	expected [Haripriya Eadi] but found [Haripriya]
	at com.crm.qa.testcases.ContactsPageTest.verifyContactareadded(ContactsPageTest.java:55)
]]></failure>
    <system-err><![CDATA[Starting ChromeDriver 86.0.4240.22 (398b0743353ff36fb1b82468f63a3a93b4e2e89e-refs/branch-heads/4240@{#378}) on port 47800
Only local connections are allowed.
Please see https://chromedriver.chromium.org/security-considerations for suggestions on keeping ChromeDriver safe.
ChromeDriver was started successfully.
Oct 24, 2020 3:06:15 PM org.openqa.selenium.remote.ProtocolHandshake createSession
INFO: Detected dialect: W3C
]]></system-err>
  </testcase>
</testsuite>