<?xml version="1.0" encoding="UTF-8"?>
<testng-results skipped="0" failed="1" ignored="0" total="4" passed="3">
  <reporter-output>
  </reporter-output>
  <suite name="Default suite" duration-ms="108675" started-at="2020-02-23T06:43:50Z" finished-at="2020-02-23T06:45:39Z">
    <groups>
    </groups>
    <test name="Default test" duration-ms="108675" started-at="2020-02-23T06:43:50Z" finished-at="2020-02-23T06:45:39Z">
      <class name="com.crm.qa.testcases.ContactsPageTest">
        <test-method status="PASS" signature="setUp()[pri:0, instance:com.crm.qa.testcases.ContactsPageTest@27efef64]" name="setUp" is-config="true" duration-ms="22480" started-at="2020-02-23T12:13:50Z" finished-at="2020-02-23T12:14:13Z">
          <reporter-output>
          </reporter-output>
        </test-method> <!-- setUp -->
        <test-method status="PASS" signature="verifyContactsPage()[pri:1, instance:com.crm.qa.testcases.ContactsPageTest@27efef64]" name="verifyContactsPage" duration-ms="147" started-at="2020-02-23T12:14:13Z" finished-at="2020-02-23T12:14:13Z">
          <reporter-output>
          </reporter-output>
        </test-method> <!-- verifyContactsPage -->
        <test-method status="PASS" signature="tearDown()[pri:0, instance:com.crm.qa.testcases.ContactsPageTest@27efef64]" name="tearDown" is-config="true" duration-ms="986" started-at="2020-02-23T12:14:13Z" finished-at="2020-02-23T12:14:14Z">
          <reporter-output>
          </reporter-output>
        </test-method> <!-- tearDown -->
        <test-method status="PASS" signature="setUp()[pri:0, instance:com.crm.qa.testcases.ContactsPageTest@27efef64]" name="setUp" is-config="true" duration-ms="20593" started-at="2020-02-23T12:14:14Z" finished-at="2020-02-23T12:14:35Z">
          <reporter-output>
          </reporter-output>
        </test-method> <!-- setUp -->
        <test-method status="FAIL" signature="verifyContactareadded(java.lang.String, java.lang.String, java.lang.String)[pri:2, instance:com.crm.qa.testcases.ContactsPageTest@27efef64]" name="verifyContactareadded" duration-ms="8622" started-at="2020-02-23T12:14:35Z" data-provider="getData" finished-at="2020-02-23T12:14:44Z">
          <params>
            <param index="0">
              <value>
                <![CDATA[Nagaraju ]]>
              </value>
            </param>
            <param index="1">
              <value>
                <![CDATA[Madupu]]>
              </value>
            </param>
            <param index="2">
              <value>
                <![CDATA[nagarajumadupu@gmail.com]]>
              </value>
            </param>
          </params>
          <exception class="java.lang.AssertionError">
            <message>
              <![CDATA[expected [Nagaraju Madupu] but found [Nagaraju  Madupu]]]>
            </message>
            <full-stacktrace>
              <![CDATA[java.lang.AssertionError: expected [Nagaraju Madupu] but found [Nagaraju  Madupu]
	at org.testng.Assert.fail(Assert.java:93)
	at org.testng.Assert.failNotEquals(Assert.java:512)
	at org.testng.Assert.assertEqualsImpl(Assert.java:134)
	at org.testng.Assert.assertEquals(Assert.java:115)
	at org.testng.Assert.assertEquals(Assert.java:189)
	at org.testng.Assert.assertEquals(Assert.java:199)
	at com.crm.qa.testcases.ContactsPageTest.verifyContactareadded(ContactsPageTest.java:44)
	at sun.reflect.NativeMethodAccessorImpl.invoke0(Native Method)
	at sun.reflect.NativeMethodAccessorImpl.invoke(NativeMethodAccessorImpl.java:62)
	at sun.reflect.DelegatingMethodAccessorImpl.invoke(DelegatingMethodAccessorImpl.java:43)
	at java.lang.reflect.Method.invoke(Method.java:497)
	at org.testng.internal.MethodInvocationHelper.invokeMethod(MethodInvocationHelper.java:108)
	at org.testng.internal.Invoker.invokeMethod(Invoker.java:661)
	at org.testng.internal.Invoker.invokeTestMethod(Invoker.java:869)
	at org.testng.internal.Invoker.invokeTestMethods(Invoker.java:1193)
	at org.testng.internal.TestMethodWorker.invokeTestMethods(TestMethodWorker.java:126)
	at org.testng.internal.TestMethodWorker.run(TestMethodWorker.java:109)
	at org.testng.TestRunner.privateRun(TestRunner.java:744)
	at org.testng.TestRunner.run(TestRunner.java:602)
	at org.testng.SuiteRunner.runTest(SuiteRunner.java:380)
	at org.testng.SuiteRunner.runSequentially(SuiteRunner.java:375)
	at org.testng.SuiteRunner.privateRun(SuiteRunner.java:340)
	at org.testng.SuiteRunner.run(SuiteRunner.java:289)
	at org.testng.SuiteRunnerWorker.runSuite(SuiteRunnerWorker.java:52)
	at org.testng.SuiteRunnerWorker.run(SuiteRunnerWorker.java:86)
	at org.testng.TestNG.runSuitesSequentially(TestNG.java:1301)
	at org.testng.TestNG.runSuitesLocally(TestNG.java:1226)
	at org.testng.TestNG.runSuites(TestNG.java:1144)
	at org.testng.TestNG.run(TestNG.java:1115)
	at org.testng.remote.AbstractRemoteTestNG.run(AbstractRemoteTestNG.java:114)
	at org.testng.remote.RemoteTestNG.initAndRun(RemoteTestNG.java:251)
	at org.testng.remote.RemoteTestNG.main(RemoteTestNG.java:77)
]]>
            </full-stacktrace>
          </exception> <!-- java.lang.AssertionError -->
          <reporter-output>
          </reporter-output>
        </test-method> <!-- verifyContactareadded -->
        <test-method status="PASS" signature="tearDown()[pri:0, instance:com.crm.qa.testcases.ContactsPageTest@27efef64]" name="tearDown" is-config="true" duration-ms="809" started-at="2020-02-23T12:14:44Z" finished-at="2020-02-23T12:14:44Z">
          <reporter-output>
          </reporter-output>
        </test-method> <!-- tearDown -->
        <test-method status="PASS" signature="setUp()[pri:0, instance:com.crm.qa.testcases.ContactsPageTest@27efef64]" name="setUp" is-config="true" duration-ms="17747" started-at="2020-02-23T12:14:44Z" finished-at="2020-02-23T12:15:02Z">
          <reporter-output>
          </reporter-output>
        </test-method> <!-- setUp -->
        <test-method status="PASS" signature="verifyContactareadded(java.lang.String, java.lang.String, java.lang.String)[pri:2, instance:com.crm.qa.testcases.ContactsPageTest@27efef64]" name="verifyContactareadded" duration-ms="7997" started-at="2020-02-23T12:15:02Z" data-provider="getData" finished-at="2020-02-23T12:15:10Z">
          <params>
            <param index="0">
              <value>
                <![CDATA[Laddu]]>
              </value>
            </param>
            <param index="1">
              <value>
                <![CDATA[Nani]]>
              </value>
            </param>
            <param index="2">
              <value>
                <![CDATA[laddunani9@gmail.com]]>
              </value>
            </param>
          </params>
          <reporter-output>
          </reporter-output>
        </test-method> <!-- verifyContactareadded -->
        <test-method status="PASS" signature="tearDown()[pri:0, instance:com.crm.qa.testcases.ContactsPageTest@27efef64]" name="tearDown" is-config="true" duration-ms="821" started-at="2020-02-23T12:15:10Z" finished-at="2020-02-23T12:15:11Z">
          <reporter-output>
          </reporter-output>
        </test-method> <!-- tearDown -->
        <test-method status="PASS" signature="setUp()[pri:0, instance:com.crm.qa.testcases.ContactsPageTest@27efef64]" name="setUp" is-config="true" duration-ms="18906" started-at="2020-02-23T12:15:11Z" finished-at="2020-02-23T12:15:30Z">
          <reporter-output>
          </reporter-output>
        </test-method> <!-- setUp -->
        <test-method status="PASS" signature="verifyContactareadded(java.lang.String, java.lang.String, java.lang.String)[pri:2, instance:com.crm.qa.testcases.ContactsPageTest@27efef64]" name="verifyContactareadded" duration-ms="8093" started-at="2020-02-23T12:15:30Z" data-provider="getData" finished-at="2020-02-23T12:15:38Z">
          <params>
            <param index="0">
              <value>
                <![CDATA[Haripriya]]>
              </value>
            </param>
            <param index="1">
              <value>
                <![CDATA[Eadi]]>
              </value>
            </param>
            <param index="2">
              <value>
                <![CDATA[hari@gmail.com]]>
              </value>
            </param>
          </params>
          <reporter-output>
          </reporter-output>
        </test-method> <!-- verifyContactareadded -->
        <test-method status="PASS" signature="tearDown()[pri:0, instance:com.crm.qa.testcases.ContactsPageTest@27efef64]" name="tearDown" is-config="true" duration-ms="800" started-at="2020-02-23T12:15:38Z" finished-at="2020-02-23T12:15:39Z">
          <reporter-output>
          </reporter-output>
        </test-method> <!-- tearDown -->
      </class> <!-- com.crm.qa.testcases.ContactsPageTest -->
    </test> <!-- Default test -->
  </suite> <!-- Default suite -->
</testng-results>
